Mobile_App_Orlen/app/build/intermediates/manifest_merge_blame_file/debug/processDebugMainManifest/manifest-merger-blame-debug-report.txt
1<?xml version="1.0" encoding="utf-8"?>
2<manifest xmlns:android="http://schemas.android.com/apk/res/android"
3    package="com.example.mobile_app_orlen"
4    android:versionCode="1"
5    android:versionName="1.0" >
6
7    <uses-sdk
7-->INJECTED
8        android:minSdkVersion="28"
8-->INJECTED
9        android:targetSdkVersion="36" />
9-->INJECTED
10
11    <uses-permission android:name="android.permission.ACCESS_FINE_LOCATION" />
11-->src\main\AndroidManifest.xml:5:5-79
11-->src\main\AndroidManifest.xml:5:22-76
12    <uses-permission android:name="android.permission.ACCESS_COARSE_LOCATION" />
12-->src\main\AndroidManifest.xml:6:5-81
12-->src\main\AndroidManifest.xml:6:22-78
13    <uses-permission android:name="android.permission.INTERNET" />
13-->src\main\AndroidManifest.xml:7:5-67
13-->src\main\AndroidManifest.xml:7:22-64
14    <uses-permission android:name="android.permission.ACCESS_NETWORK_STATE" />
14-->src\main\AndroidManifest.xml:8:5-79
14-->src\main\AndroidManifest.xml:8:22-76
15    <uses-permission android:name="android.permission.VIBRATE" />
15-->src\main\AndroidManifest.xml:9:5-66
15-->src\main\AndroidManifest.xml:9:22-63
16    <uses-permission android:name="android.permission.ACCESS_FINE_LOCATION" />
16-->src\main\AndroidManifest.xml:5:5-79
16-->src\main\AndroidManifest.xml:5:22-76
17    <uses-permission android:name="android.permission.ACCESS_COARSE_LOCATION" />
17-->src\main\AndroidManifest.xml:6:5-81
17-->src\main\AndroidManifest.xml:6:22-78
18
19    <supports-screens
19-->[org.osmdroid:osmdroid-android:6.1.20] AndroidManifest.xml:9:5-12:40
20        android:anyDensity="true"
20-->[org.osmdroid:osmdroid-android:6.1.20] AndroidManifest.xml:10:9-34
21        android:largeScreens="true"
21-->[org.osmdroid:osmdroid-android:6.1.20] AndroidManifest.xml:11:9-36
22        android:normalScreens="true" />
22-->[org.osmdroid:osmdroid-android:6.1.20] AndroidManifest.xml:12:9-37
23
24    <uses-feature
24-->[org.osmdroid:osmdroid-android:6.1.20] AndroidManifest.xml:14:5-16:36
25        android:name="android.hardware.location.network"
25-->[org.osmdroid:osmdroid-android:6.1.20] AndroidManifest.xml:15:9-57
26        android:required="false" />
26-->[org.osmdroid:osmdroid-android:6.1.20] AndroidManifest.xml:16:9-33
27    <uses-feature
27-->[org.osmdroid:osmdroid-android:6.1.20] AndroidManifest.xml:17:5-19:36
28        android:name="android.hardware.location.gps"
28-->[org.osmdroid:osmdroid-android:6.1.20] AndroidManifest.xml:18:9-53
29        android:required="false" />
29-->[org.osmdroid:osmdroid-android:6.1.20] AndroidManifest.xml:19:9-33
30    <uses-feature
30-->[org.osmdroid:osmdroid-android:6.1.20] AndroidManifest.xml:20:5-22:36
31        android:name="android.hardware.telephony"
31-->[org.osmdroid:osmdroid-android:6.1.20] AndroidManifest.xml:21:9-50
32        android:required="false" />
32-->[org.osmdroid:osmdroid-android:6.1.20] AndroidManifest.xml:22:9-33
33    <uses-feature
33-->[org.osmdroid:osmdroid-android:6.1.20] AndroidManifest.xml:23:5-25:36
34        android:name="android.hardware.wifi"
34-->[org.osmdroid:osmdroid-android:6.1.20] AndroidManifest.xml:24:9-45
35        android:required="false" />
35-->[org.osmdroid:osmdroid-android:6.1.20] AndroidManifest.xml:25:9-33
36
37    <permission
37-->[androidx.core:core:1.18.0] AndroidManifest.xml:22:5-24:47
38        android:name="com.example.mobile_app_orlen.DYNAMIC_RECEIVER_NOT_EXPORTED_PERMISSION"
38-->[androidx.core:core:1.18.0] AndroidManifest.xml:23:9-81
39        android:protectionLevel="signature" />
39-->[androidx.core:core:1.18.0] AndroidManifest.xml:24:9-44
40
41    <uses-permission android:name="com.example.mobile_app_orlen.DYNAMIC_RECEIVER_NOT_EXPORTED_PERMISSION" />
41-->[androidx.core:core:1.18.0] AndroidManifest.xml:26:5-97
41-->[androidx.core:core:1.18.0] AndroidManifest.xml:26:22-94
42
43    <application
43-->src\main\AndroidManifest.xml:12:5-44:19
44        android:allowBackup="true"
44-->src\main\AndroidManifest.xml:13:9-35
45        android:appComponentFactory="androidx.core.app.CoreComponentFactory"
45-->[androidx.core:core:1.18.0] AndroidManifest.xml:28:18-86
46        android:dataExtractionRules="@xml/data_extraction_rules"
46-->src\main\AndroidManifest.xml:14:9-65
47        android:debuggable="true"
48        android:extractNativeLibs="false"
48-->INJECTED
49        android:fullBackupContent="@xml/backup_rules"
49-->src\main\AndroidManifest.xml:15:9-54
50        android:icon="@mipmap/ic_launcher"
50-->src\main\AndroidManifest.xml:16:9-43
51        android:label="@string/app_name"
51-->src\main\AndroidManifest.xml:17:9-41
52        android:roundIcon="@mipmap/ic_launcher_round"
52-->src\main\AndroidManifest.xml:18:9-54
53        android:supportsRtl="true"
53-->src\main\AndroidManifest.xml:19:9-35
54        android:testOnly="true"
55        android:theme="@style/Theme.Mobile_App_Orlen"
55-->src\main\AndroidManifest.xml:21:9-54
56        android:usesCleartextTraffic="true" >
56-->src\main\AndroidManifest.xml:20:9-44
57
58        <!-- Klucz API Map Google -->
59        <meta-data
59-->src\main\AndroidManifest.xml:24:9-26:42
60            android:name="com.google.android.geo.API_KEY"
60-->src\main\AndroidManifest.xml:25:13-58
61            android:value="MY_API_KEY" />
61-->src\main\AndroidManifest.xml:26:13-39
62
63        <activity
63-->src\main\AndroidManifest.xml:28:9-35:20
64            android:name="com.example.mobile_app_orlen.MainActivity"
64-->src\main\AndroidManifest.xml:29:13-41
65            android:exported="true" >
65-->src\main\AndroidManifest.xml:30:13-36
66            <intent-filter>
66-->src\main\AndroidManifest.xml:31:13-34:29
67                <action android:name="android.intent.action.MAIN" />
67-->src\main\AndroidManifest.xml:32:17-69
67-->src\main\AndroidManifest.xml:32:25-66
68
69                <category android:name="android.intent.category.LAUNCHER" />
69-->src\main\AndroidManifest.xml:33:17-77
69-->src\main\AndroidManifest.xml:33:27-74
70            </intent-filter>
71        </activity>
72        <activity
72-->src\main\AndroidManifest.xml:37:9-89
73            android:name="com.example.mobile_app_orlen.AddMeasurementActivity"
73-->src\main\AndroidManifest.xml:37:19-57
74            android:label="Dodaj pomiar" />
74-->src\main\AndroidManifest.xml:37:58-86
75        <activity
75-->src\main\AndroidManifest.xml:38:9-78
76            android:name="com.example.mobile_app_orlen.HistoryActivity"
76-->src\main\AndroidManifest.xml:38:19-50
77            android:label="Historia" />
77-->src\main\AndroidManifest.xml:38:51-75
78        <activity
78-->src\main\AndroidManifest.xml:39:9-75
79            android:name="com.example.mobile_app_orlen.AlertsActivity"
79-->src\main\AndroidManifest.xml:39:19-49
80            android:label="Alarmy" />
80-->src\main\AndroidManifest.xml:39:50-72
81        <activity
81-->src\main\AndroidManifest.xml:40:9-43:52
82            android:name="com.example.mobile_app_orlen.SafetyAlarmActivity"
82-->src\main\AndroidManifest.xml:41:13-48
83            android:label="Alarm bezpieczeństwa"
83-->src\main\AndroidManifest.xml:42:13-49
84            android:screenOrientation="portrait" />
84-->src\main\AndroidManifest.xml:43:13-49
85        <activity
85-->[com.google.android.gms:play-services-base:18.5.0] AndroidManifest.xml:5:9-173
86            android:name="com.google.android.gms.common.api.GoogleApiActivity"
86-->[com.google.android.gms:play-services-base:18.5.0] AndroidManifest.xml:5:19-85
87            android:exported="false"
87-->[com.google.android.gms:play-services-base:18.5.0] AndroidManifest.xml:5:146-170
88            android:theme="@android:style/Theme.Translucent.NoTitleBar" />
88-->[com.google.android.gms:play-services-base:18.5.0] AndroidManifest.xml:5:86-145
89
90        <meta-data
90-->[com.google.android.gms:play-services-basement:18.4.0] AndroidManifest.xml:6:9-122
91            android:name="com.google.android.gms.version"
91-->[com.google.android.gms:play-services-basement:18.4.0] AndroidManifest.xml:6:20-65
92            android:value="@integer/google_play_services_version" />
92-->[com.google.android.gms:play-services-basement:18.4.0] AndroidManifest.xml:6:66-119
93
94        <service
94-->[androidx.room:room-runtime:2.6.1] AndroidManifest.xml:24:9-28:63
95            android:name="androidx.room.MultiInstanceInvalidationService"
95-->[androidx.room:room-runtime:2.6.1] AndroidManifest.xml:25:13-74
96            android:directBootAware="true"
96-->[androidx.room:room-runtime:2.6.1] AndroidManifest.xml:26:13-43
97            android:exported="false" />
97-->[androidx.room:room-runtime:2.6.1] AndroidManifest.xml:27:13-37
98
99        <provider
99-->[androidx.emoji2:emoji2:1.3.0] AndroidManifest.xml:24:9-32:20
100            android:name="androidx.startup.InitializationProvider"
100-->[androidx.emoji2:emoji2:1.3.0] AndroidManifest.xml:25:13-67
101            android:authorities="com.example.mobile_app_orlen.androidx-startup"
101-->[androidx.emoji2:emoji2:1.3.0] AndroidManifest.xml:26:13-68
102            android:exported="false" >
102-->[androidx.emoji2:emoji2:1.3.0] AndroidManifest.xml:27:13-37
103            <meta-data
103-->[androidx.emoji2:emoji2:1.3.0] AndroidManifest.xml:29:13-31:52
104                android:name="androidx.emoji2.text.EmojiCompatInitializer"
104-->[androidx.emoji2:emoji2:1.3.0] AndroidManifest.xml:30:17-75
105                android:value="androidx.startup" />
105-->[androidx.emoji2:emoji2:1.3.0] AndroidManifest.xml:31:17-49
106            <meta-data
106-->[androidx.lifecycle:lifecycle-process:2.6.2] AndroidManifest.xml:29:13-31:52
107                android:name="androidx.lifecycle.ProcessLifecycleInitializer"
107-->[androidx.lifecycle:lifecycle-process:2.6.2] AndroidManifest.xml:30:17-78
108                android:value="androidx.startup" />
108-->[androidx.lifecycle:lifecycle-process:2.6.2] AndroidManifest.xml:31:17-49
109            <meta-data
109-->[androidx.profileinstaller:profileinstaller:1.4.0] AndroidManifest.xml:29:13-31:52
110                android:name="androidx.profileinstaller.ProfileInstallerInitializer"
110-->[androidx.profileinstaller:profileinstaller:1.4.0] AndroidManifest.xml:30:17-85
111                android:value="androidx.startup" />
111-->[androidx.profileinstaller:profileinstaller:1.4.0] AndroidManifest.xml:31:17-49
112        </provider>
113
114        <receiver
114-->[androidx.profileinstaller:profileinstaller:1.4.0] AndroidManifest.xml:34:9-52:20
115            android:name="androidx.profileinstaller.ProfileInstallReceiver"
115-->[androidx.profileinstaller:profileinstaller:1.4.0] AndroidManifest.xml:35:13-76
116            android:directBootAware="false"
116-->[androidx.profileinstaller:profileinstaller:1.4.0] AndroidManifest.xml:36:13-44
117            android:enabled="true"
117-->[androidx.profileinstaller:profileinstaller:1.4.0] AndroidManifest.xml:37:13-35
118            android:exported="true"
118-->[androidx.profileinstaller:profileinstaller:1.4.0] AndroidManifest.xml:38:13-36
119            android:permission="android.permission.DUMP" >
119-->[androidx.profileinstaller:profileinstaller:1.4.0] AndroidManifest.xml:39:13-57
120            <intent-filter>
120-->[androidx.profileinstaller:profileinstaller:1.4.0] AndroidManifest.xml:40:13-42:29
121                <action android:name="androidx.profileinstaller.action.INSTALL_PROFILE" />
121-->[androidx.profileinstaller:profileinstaller:1.4.0] AndroidManifest.xml:41:17-91
121-->[androidx.profileinstaller:profileinstaller:1.4.0] AndroidManifest.xml:41:25-88
122            </intent-filter>
123            <intent-filter>
123-->[androidx.profileinstaller:profileinstaller:1.4.0] AndroidManifest.xml:43:13-45:29
124                <action android:name="androidx.profileinstaller.action.SKIP_FILE" />
124-->[androidx.profileinstaller:profileinstaller:1.4.0] AndroidManifest.xml:44:17-85
124-->[androidx.profileinstaller:profileinstaller:1.4.0] AndroidManifest.xml:44:25-82
125            </intent-filter>
126            <intent-filter>
126-->[androidx.profileinstaller:profileinstaller:1.4.0] AndroidManifest.xml:46:13-48:29
127                <action android:name="androidx.profileinstaller.action.SAVE_PROFILE" />
127-->[androidx.profileinstaller:profileinstaller:1.4.0] AndroidManifest.xml:47:17-88
127-->[androidx.profileinstaller:profileinstaller:1.4.0] AndroidManifest.xml:47:25-85
128            </intent-filter>
129            <intent-filter>
129-->[androidx.profileinstaller:profileinstaller:1.4.0] AndroidManifest.xml:49:13-51:29
130                <action android:name="androidx.profileinstaller.action.BENCHMARK_OPERATION" />
130-->[androidx.profileinstaller:profileinstaller:1.4.0] AndroidManifest.xml:50:17-95
130-->[androidx.profileinstaller:profileinstaller:1.4.0] AndroidManifest.xml:50:25-92
131            </intent-filter>
132        </receiver>
133    </application>
134
135</manifest>